<?xml version="1.0" encoding="UTF-8"?>
<!-- Generated by org.testng.reporters.JUnitXMLReporter -->
<testsuite ignored="0" hostname="LenarPC" failures="0" tests="10" name=" Screen 1 Scenarios" time="0.253" errors="0" timestamp="2020-09-27T04:05:41 PST">
  <testcase classname="com.indra.pages.LoginPage" name="@BeforeMethod LaunchURL" time="0.002">
    <failure type="java.lang.NullPointerException" message="Cannot invoke &amp;quot;org.openqa.selenium.chrome.ChromeOptions.addArguments(String[])&amp;quot; because &amp;quot;this.options&amp;quot; is null">
      <![CDATA[java.lang.NullPointerException: Cannot invoke "org.openqa.selenium.chrome.ChromeOptions.addArguments(String[])" because "this.options" is null
at com.indra.pages.LoginPage.LaunchURL(LoginPage.java:31)
at java.base/java.util.ArrayList.forEach(ArrayList.java:1511)
... Removed 31 stack frames]]>
    </failure>
  </testcase> <!-- @BeforeMethod LaunchURL -->
  <testcase classname="com.indra.pages.LoginPage" name="@AfterMethod CloseTabs" time="-1.601150741098E9">
    <skipped/>
  </testcase> <!-- @AfterMethod CloseTabs -->
  <testcase classname="com.indra.pages.LoginPage" name="@BeforeMethod LaunchURL" time="-1.601150741104E9">
    <skipped/>
  </testcase> <!-- @BeforeMethod LaunchURL -->
  <testcase classname="com.indra.pages.LoginPage" name="@AfterMethod CloseTabs" time="-1.601150741114E9">
    <skipped/>
  </testcase> <!-- @AfterMethod CloseTabs -->
  <testcase classname="com.indra.pages.LoginPage" name="@BeforeMethod LaunchURL" time="-1.601150741118E9">
    <skipped/>
  </testcase> <!-- @BeforeMethod LaunchURL -->
  <testcase classname="com.indra.pages.LoginPage" name="@AfterMethod CloseTabs" time="-1.601150741128E9">
    <skipped/>
  </testcase> <!-- @AfterMethod CloseTabs -->
  <testcase classname="com.indra.pages.LoginPage" name="@BeforeMethod LaunchURL" time="-1.601150741131E9">
    <skipped/>
  </testcase> <!-- @BeforeMethod LaunchURL -->
  <testcase classname="com.indra.pages.LoginPage" name="@AfterMethod CloseTabs" time="-1.601150741145E9">
    <skipped/>
  </testcase> <!-- @AfterMethod CloseTabs -->
  <testcase classname="com.indra.pages.LoginPage" name="@BeforeMethod LaunchURL" time="-1.601150741148E9">
    <skipped/>
  </testcase> <!-- @BeforeMethod LaunchURL -->
  <testcase classname="com.indra.pages.LoginPage" name="@AfterMethod CloseTabs" time="-1.601150741158E9">
    <skipped/>
  </testcase> <!-- @AfterMethod CloseTabs -->
  <testcase classname="com.indra.pages.MyBookingsPage" name="@BeforeMethod LaunchURL" time="0.001">
    <failure type="java.lang.NullPointerException" message="Cannot invoke &amp;quot;org.openqa.selenium.chrome.ChromeOptions.addArguments(String[])&amp;quot; because &amp;quot;this.options&amp;quot; is null">
      <![CDATA[java.lang.NullPointerException: Cannot invoke "org.openqa.selenium.chrome.ChromeOptions.addArguments(String[])" because "this.options" is null
at com.indra.pages.MyBookingsPage.LaunchURL(MyBookingsPage.java:32)
at java.base/java.util.ArrayList.forEach(ArrayList.java:1511)
... Removed 31 stack frames]]>
    </failure>
  </testcase> <!-- @BeforeMethod LaunchURL -->
  <testcase classname="com.indra.pages.MyBookingsPage" name="@AfterMethod CloseTabs" time="-1.601150741172E9">
    <skipped/>
  </testcase> <!-- @AfterMethod CloseTabs -->
  <testcase classname="com.indra.pages.MyBookingsPage" name="@BeforeMethod LaunchURL" time="-1.601150741179E9">
    <skipped/>
  </testcase> <!-- @BeforeMethod LaunchURL -->
  <testcase classname="com.indra.pages.MyBookingsPage" name="@AfterMethod CloseTabs" time="-1.601150741188E9">
    <skipped/>
  </testcase> <!-- @AfterMethod CloseTabs -->
  <testcase classname="com.indra.pages.CheckinPage" name="@BeforeMethod LaunchURL" time="0.001">
    <failure type="java.lang.NullPointerException" message="Cannot invoke &amp;quot;org.openqa.selenium.chrome.ChromeOptions.addArguments(String[])&amp;quot; because &amp;quot;this.options&amp;quot; is null">
      <![CDATA[java.lang.NullPointerException: Cannot invoke "org.openqa.selenium.chrome.ChromeOptions.addArguments(String[])" because "this.options" is null
at com.indra.pages.CheckinPage.LaunchURL(CheckinPage.java:33)
at java.base/java.util.ArrayList.forEach(ArrayList.java:1511)
... Removed 31 stack frames]]>
    </failure>
  </testcase> <!-- @BeforeMethod LaunchURL -->
  <testcase classname="com.indra.pages.CheckinPage" name="@AfterMethod CloseTabs" time="-1.601150741214E9">
    <skipped/>
  </testcase> <!-- @AfterMethod CloseTabs -->
  <testcase classname="com.indra.pages.FlightStatusPage" name="@BeforeMethod LaunchURL" time="0.001">
    <failure type="java.lang.NullPointerException" message="Cannot invoke &amp;quot;org.openqa.selenium.chrome.ChromeOptions.addArguments(String[])&amp;quot; because &amp;quot;this.options&amp;quot; is null">
      <![CDATA[java.lang.NullPointerException: Cannot invoke "org.openqa.selenium.chrome.ChromeOptions.addArguments(String[])" because "this.options" is null
at com.indra.pages.FlightStatusPage.LaunchURL(FlightStatusPage.java:32)
at java.base/java.util.ArrayList.forEach(ArrayList.java:1511)
... Removed 31 stack frames]]>
    </failure>
  </testcase> <!-- @BeforeMethod LaunchURL -->
  <testcase classname="com.indra.pages.FlightStatusPage" name="@AfterMethod CloseTabs" time="-1.601150741233E9">
    <skipped/>
  </testcase> <!-- @AfterMethod CloseTabs -->
  <testcase classname="com.indra.pages.SupportPage" name="@BeforeMethod LaunchURL" time="0.0">
    <failure type="java.lang.NullPointerException" message="Cannot invoke &amp;quot;org.openqa.selenium.chrome.ChromeOptions.addArguments(String[])&amp;quot; because &amp;quot;this.options&amp;quot; is null">
      <![CDATA[java.lang.NullPointerException: Cannot invoke "org.openqa.selenium.chrome.ChromeOptions.addArguments(String[])" because "this.options" is null
at com.indra.pages.SupportPage.LaunchURL(SupportPage.java:32)
at java.base/java.util.ArrayList.forEach(ArrayList.java:1511)
... Removed 31 stack frames]]>
    </failure>
  </testcase> <!-- @BeforeMethod LaunchURL -->
  <testcase classname="com.indra.pages.SupportPage" name="@AfterMethod CloseTabs" time="-1.601150741252E9">
    <skipped/>
  </testcase> <!-- @AfterMethod CloseTabs -->
  <testcase classname="com.indra.pages.CheckinPage" name="@AfterTest ExitDriver" time="-1.601150741256E9">
    <skipped/>
  </testcase> <!-- @AfterTest ExitDriver -->
  <testcase classname="com.indra.pages.FlightStatusPage" name="@AfterTest ExitDriver" time="-1.601150741257E9">
    <skipped/>
  </testcase> <!-- @AfterTest ExitDriver -->
  <testcase classname="com.indra.pages.LoginPage" name="@AfterTest ExitDriver" time="-1.601150741259E9">
    <skipped/>
  </testcase> <!-- @AfterTest ExitDriver -->
  <testcase classname="com.indra.pages.MyBookingsPage" name="@AfterTest ExitDriver" time="-1.601150741272E9">
    <skipped/>
  </testcase> <!-- @AfterTest ExitDriver -->
  <testcase classname="com.indra.pages.SupportPage" name="@AfterTest ExitDriver" time="-1.601150741273E9">
    <skipped/>
  </testcase> <!-- @AfterTest ExitDriver -->
  <testcase classname="com.indra.pages.LoginPage" name="LoginPages" time="0.0">
    <skipped/>
  </testcase> <!-- LoginPages -->
  <testcase classname="com.indra.pages.LoginPage" name="ForgotPassword" time="0.0">
    <skipped/>
  </testcase> <!-- ForgotPassword -->
  <testcase classname="com.indra.pages.LoginPage" name="LoginAsFacebook" time="0.0">
    <skipped/>
  </testcase> <!-- LoginAsFacebook -->
  <testcase classname="com.indra.pages.LoginPage" name="LoginAsGoogle" time="0.0">
    <skipped/>
  </testcase> <!-- LoginAsGoogle -->
  <testcase classname="com.indra.pages.LoginPage" name="LoginAsWeChat" time="0.0">
    <skipped/>
  </testcase> <!-- LoginAsWeChat -->
  <testcase classname="com.indra.pages.MyBookingsPage" name="FlightTabPage" time="0.0">
    <skipped/>
  </testcase> <!-- FlightTabPage -->
  <testcase classname="com.indra.pages.MyBookingsPage" name="HotelTabPage" time="0.0">
    <skipped/>
  </testcase> <!-- HotelTabPage -->
  <testcase classname="com.indra.pages.CheckinPage" name="CheckinPages" time="0.0">
    <skipped/>
  </testcase> <!-- CheckinPages -->
  <testcase classname="com.indra.pages.FlightStatusPage" name="SearchByFlightNumber" time="0.0">
    <skipped/>
  </testcase> <!-- SearchByFlightNumber -->
  <testcase classname="com.indra.pages.SupportPage" name="SupportPages" time="0.0">
    <skipped/>
  </testcase> <!-- SupportPages -->
</testsuite> <!--  Screen 1 Scenarios -->
