<?xml version="1.0" encoding="UTF-8"?>
<!-- Generated by org.testng.reporters.JUnitXMLReporter -->
<testsuite ignored="0" hostname="LenarPC" failures="0" tests="4" name=" Screen 1 Scenarios" time="100.74" errors="0" timestamp="2020-09-23T13:54:18 PST">
  <testcase classname="com.indra.pages.LoginPage" name="LoginPages" time="7.198"/>
  <testcase classname="com.indra.pages.LoginPage" name="ForgotPassword" time="5.609"/>
  <testcase classname="com.indra.pages.MyBookingsPage" name="FlightTabPage" time="10.043"/>
  <testcase classname="com.indra.pages.MyBookingsPage" name="HotelTabPage" time="9.582"/>
</testsuite> <!--  Screen 1 Scenarios -->
