<?xml version="1.0" encoding="UTF-8"?>
<testng-results ignored="0" total="1" passed="1" failed="0" skipped="0">
  <reporter-output>
  </reporter-output>
  <suite started-at="2020-09-29T16:12:26 PST" name="Default suite" finished-at="2020-09-29T16:12:49 PST" duration-ms="22660">
    <groups>
    </groups>
    <test started-at="2020-09-29T16:12:26 PST" name="Default test" finished-at="2020-09-29T16:12:49 PST" duration-ms="22660">
      <class name="com.indra.pages.AirAsiaHomePage">
        <test-method is-config="true" signature="Setup()[pri:0, instance:com.indra.pages.AirAsiaHomePage@45b9a632]" started-at="2020-09-29T16:12:26 PST" name="Setup" finished-at="2020-09-29T16:12:26 PST" duration-ms="18" status="PASS">
          <reporter-output>
          </reporter-output>
        </test-method> <!-- Setup -->
        <test-method is-config="true" signature="LaunchURL()[pri:0, instance:com.indra.pages.AirAsiaHomePage@45b9a632]" started-at="2020-09-29T16:12:26 PST" name="LaunchURL" finished-at="2020-09-29T16:12:37 PST" duration-ms="11129" status="PASS">
          <reporter-output>
          </reporter-output>
        </test-method> <!-- LaunchURL -->
        <test-method signature="SnapTab()[pri:3, instance:com.indra.pages.AirAsiaHomePage@45b9a632]" started-at="2020-09-29T16:12:37 PST" name="SnapTab" finished-at="2020-09-29T16:12:43 PST" duration-ms="6148" status="PASS">
          <reporter-output>
          </reporter-output>
        </test-method> <!-- SnapTab -->
        <test-method is-config="true" signature="CloseTabs()[pri:0, instance:com.indra.pages.AirAsiaHomePage@45b9a632]" started-at="2020-09-29T16:12:43 PST" name="CloseTabs" finished-at="2020-09-29T16:12:48 PST" duration-ms="4727" status="PASS">
          <reporter-output>
          </reporter-output>
        </test-method> <!-- CloseTabs -->
        <test-method is-config="true" signature="ExitDriver()[pri:0, instance:com.indra.pages.AirAsiaHomePage@45b9a632]" started-at="2020-09-29T16:12:48 PST" name="ExitDriver" finished-at="2020-09-29T16:12:49 PST" duration-ms="586" status="PASS">
          <reporter-output>
          </reporter-output>
        </test-method> <!-- ExitDriver -->
      </class> <!-- com.indra.pages.AirAsiaHomePage -->
    </test> <!-- Default test -->
  </suite> <!-- Default suite -->
</testng-results>
