<?xml version="1.0" encoding="UTF-8"?>
<testng-results ignored="0" total="1" passed="1" failed="0" skipped="0">
  <reporter-output>
  </reporter-output>
  <suite started-at="2020-09-23T14:04:56 PST" name="Default suite" finished-at="2020-09-23T14:05:21 PST" duration-ms="25138">
    <groups>
    </groups>
    <test started-at="2020-09-23T14:04:56 PST" name="Default test" finished-at="2020-09-23T14:05:21 PST" duration-ms="25138">
      <class name="com.indra.pages.CheckinPage">
        <test-method is-config="true" signature="Setup()[pri:0, instance:com.indra.pages.CheckinPage@45b9a632]" started-at="2020-09-23T14:04:56 PST" name="Setup" finished-at="2020-09-23T14:04:56 PST" duration-ms="13" status="PASS">
          <reporter-output>
          </reporter-output>
        </test-method> <!-- Setup -->
        <test-method is-config="true" signature="beforeMethod()[pri:0, instance:com.indra.pages.CheckinPage@45b9a632]" started-at="2020-09-23T14:04:56 PST" name="beforeMethod" finished-at="2020-09-23T14:05:10 PST" duration-ms="13847" status="PASS">
          <reporter-output>
          </reporter-output>
        </test-method> <!-- beforeMethod -->
        <test-method signature="CheckinPages()[pri:1, instance:com.indra.pages.CheckinPage@45b9a632]" started-at="2020-09-23T14:05:10 PST" name="CheckinPages" finished-at="2020-09-23T14:05:20 PST" duration-ms="9547" status="PASS">
          <reporter-output>
          </reporter-output>
        </test-method> <!-- CheckinPages -->
        <test-method is-config="true" signature="QuitDriver()[pri:0, instance:com.indra.pages.CheckinPage@45b9a632]" started-at="2020-09-23T14:05:20 PST" name="QuitDriver" finished-at="2020-09-23T14:05:20 PST" duration-ms="99" status="PASS">
          <reporter-output>
          </reporter-output>
        </test-method> <!-- QuitDriver -->
        <test-method is-config="true" signature="QuitTest()[pri:0, instance:com.indra.pages.CheckinPage@45b9a632]" started-at="2020-09-23T14:05:20 PST" name="QuitTest" finished-at="2020-09-23T14:05:21 PST" duration-ms="1582" status="PASS">
          <reporter-output>
          </reporter-output>
        </test-method> <!-- QuitTest -->
      </class> <!-- com.indra.pages.CheckinPage -->
    </test> <!-- Default test -->
  </suite> <!-- Default suite -->
</testng-results>
